c:\users\15485\desktop\工程之星点格棋\工程之星点格棋\debug\newboxes.pch
c:\users\15485\desktop\工程之星点格棋\工程之星点格棋\debug\vc143.pdb
c:\users\15485\desktop\工程之星点格棋\工程之星点格棋\debug\vc143.idb
c:\users\15485\desktop\工程之星点格棋\工程之星点格棋\debug\stdafx.obj
c:\users\15485\desktop\工程之星点格棋\工程之星点格棋\debug\stdafx.cod
c:\users\15485\desktop\工程之星点格棋\工程之星点格棋\debug\movehistory.obj
c:\users\15485\desktop\工程之星点格棋\工程之星点格棋\debug\movehistory.cod
c:\users\15485\desktop\工程之星点格棋\工程之星点格棋\debug\newboxes.obj
c:\users\15485\desktop\工程之星点格棋\工程之星点格棋\debug\newboxes.cod
c:\users\15485\desktop\工程之星点格棋\工程之星点格棋\debug\newboxesdoc.obj
c:\users\15485\desktop\工程之星点格棋\工程之星点格棋\debug\newboxesdoc.cod
c:\users\15485\desktop\工程之星点格棋\工程之星点格棋\debug\newboxesview.obj
c:\users\15485\desktop\工程之星点格棋\工程之星点格棋\debug\newboxesview.cod
c:\users\15485\desktop\工程之星点格棋\工程之星点格棋\debug\newdialog.obj
c:\users\15485\desktop\工程之星点格棋\工程之星点格棋\debug\newdialog.cod
c:\users\15485\desktop\工程之星点格棋\工程之星点格棋\debug\nimsimplify.obj
c:\users\15485\desktop\工程之星点格棋\工程之星点格棋\debug\nimsimplify.cod
c:\users\15485\desktop\工程之星点格棋\工程之星点格棋\debug\nimstring.obj
c:\users\15485\desktop\工程之星点格棋\工程之星点格棋\debug\nimstring.cod
c:\users\15485\desktop\工程之星点格棋\工程之星点格棋\debug\openings.obj
c:\users\15485\desktop\工程之星点格棋\工程之星点格棋\debug\openings.cod
c:\users\15485\desktop\工程之星点格棋\工程之星点格棋\debug\openingtables.obj
c:\users\15485\desktop\工程之星点格棋\工程之星点格棋\debug\openingtables.cod
c:\users\15485\desktop\工程之星点格棋\工程之星点格棋\debug\optionsdialog.obj
c:\users\15485\desktop\工程之星点格棋\工程之星点格棋\debug\optionsdialog.cod
c:\users\15485\desktop\工程之星点格棋\工程之星点格棋\debug\playgame.obj
c:\users\15485\desktop\工程之星点格棋\工程之星点格棋\debug\playgame.cod
c:\users\15485\desktop\工程之星点格棋\工程之星点格棋\debug\process.obj
c:\users\15485\desktop\工程之星点格棋\工程之星点格棋\debug\process.cod
c:\users\15485\desktop\工程之星点格棋\工程之星点格棋\debug\simplify.obj
c:\users\15485\desktop\工程之星点格棋\工程之星点格棋\debug\simplify.cod
c:\users\15485\desktop\工程之星点格棋\工程之星点格棋\debug\statisticsdialog.obj
c:\users\15485\desktop\工程之星点格棋\工程之星点格棋\debug\statisticsdialog.cod
c:\users\15485\desktop\工程之星点格棋\工程之星点格棋\debug\strings.obj
c:\users\15485\desktop\工程之星点格棋\工程之星点格棋\debug\strings.cod
c:\users\15485\desktop\工程之星点格棋\工程之星点格棋\debug\swevaluate.obj
c:\users\15485\desktop\工程之星点格棋\工程之星点格棋\debug\swevaluate.cod
c:\users\15485\desktop\工程之星点格棋\工程之星点格棋\debug\tables.obj
c:\users\15485\desktop\工程之星点格棋\工程之星点格棋\debug\tables.cod
c:\users\15485\desktop\工程之星点格棋\工程之星点格棋\debug\testcreation.obj
c:\users\15485\desktop\工程之星点格棋\工程之星点格棋\debug\testcreation.cod
c:\users\15485\desktop\工程之星点格棋\工程之星点格棋\debug\translate.obj
c:\users\15485\desktop\工程之星点格棋\工程之星点格棋\debug\translate.cod
c:\users\15485\desktop\工程之星点格棋\工程之星点格棋\debug\utility.obj
c:\users\15485\desktop\工程之星点格棋\工程之星点格棋\debug\utility.cod
c:\users\15485\desktop\工程之星点格棋\工程之星点格棋\debug\canon.obj
c:\users\15485\desktop\工程之星点格棋\工程之星点格棋\debug\canon.cod
c:\users\15485\desktop\工程之星点格棋\工程之星点格棋\debug\ccd.obj
c:\users\15485\desktop\工程之星点格棋\工程之星点格棋\debug\ccd.cod
c:\users\15485\desktop\工程之星点格棋\工程之星点格棋\debug\combinations.obj
c:\users\15485\desktop\工程之星点格棋\工程之星点格棋\debug\combinations.cod
c:\users\15485\desktop\工程之星点格棋\工程之星点格棋\debug\computermove.obj
c:\users\15485\desktop\工程之星点格棋\工程之星点格棋\debug\computermove.cod
c:\users\15485\desktop\工程之星点格棋\工程之星点格棋\debug\deducemove.obj
c:\users\15485\desktop\工程之星点格棋\工程之星点格棋\debug\deducemove.cod
c:\users\15485\desktop\工程之星点格棋\工程之星点格棋\debug\divide.obj
c:\users\15485\desktop\工程之星点格棋\工程之星点格棋\debug\divide.cod
c:\users\15485\desktop\工程之星点格棋\工程之星点格棋\debug\dotsandboxes.obj
c:\users\15485\desktop\工程之星点格棋\工程之星点格棋\debug\dotsandboxes.cod
c:\users\15485\desktop\工程之星点格棋\工程之星点格棋\debug\enterposition.obj
c:\users\15485\desktop\工程之星点格棋\工程之星点格棋\debug\enterposition.cod
c:\users\15485\desktop\工程之星点格棋\工程之星点格棋\debug\flow.obj
c:\users\15485\desktop\工程之星点格棋\工程之星点格棋\debug\flow.cod
c:\users\15485\desktop\工程之星点格棋\工程之星点格棋\debug\hash.obj
c:\users\15485\desktop\工程之星点格棋\工程之星点格棋\debug\hash.cod
c:\users\15485\desktop\工程之星点格棋\工程之星点格棋\debug\io.obj
c:\users\15485\desktop\工程之星点格棋\工程之星点格棋\debug\io.cod
c:\users\15485\desktop\工程之星点格棋\工程之星点格棋\debug\mainfrm.obj
c:\users\15485\desktop\工程之星点格棋\工程之星点格棋\debug\mainfrm.cod
c:\users\15485\desktop\工程之星点格棋\工程之星点格棋\debug\newboxes.ilk
c:\users\15485\desktop\工程之星点格棋\工程之星点格棋\debug\newboxes.exe
c:\users\15485\desktop\工程之星点格棋\工程之星点格棋\debug\newboxes.pdb
c:\users\15485\desktop\工程之星点格棋\工程之星点格棋\debug\newboxes.res
c:\users\15485\desktop\工程之星点格棋\工程之星点格棋\debug\newboxes.tlog\cl.command.1.tlog
c:\users\15485\desktop\工程之星点格棋\工程之星点格棋\debug\newboxes.tlog\cl.read.1.tlog
c:\users\15485\desktop\工程之星点格棋\工程之星点格棋\debug\newboxes.tlog\cl.write.1.tlog
c:\users\15485\desktop\工程之星点格棋\工程之星点格棋\debug\newboxes.tlog\link.command.1.tlog
c:\users\15485\desktop\工程之星点格棋\工程之星点格棋\debug\newboxes.tlog\link.read.1.tlog
c:\users\15485\desktop\工程之星点格棋\工程之星点格棋\debug\newboxes.tlog\link.write.1.tlog
c:\users\15485\desktop\工程之星点格棋\工程之星点格棋\debug\newboxes.tlog\rc.command.1.tlog
c:\users\15485\desktop\工程之星点格棋\工程之星点格棋\debug\newboxes.tlog\rc.read.1.tlog
c:\users\15485\desktop\工程之星点格棋\工程之星点格棋\debug\newboxes.tlog\rc.write.1.tlog
